<?xml version="1.0" encoding="UTF-8"?>
<!-- Generated by org.testng.reporters.JUnitReportReporter -->
<testsuite hostname="Rithvik" name="orangeHRMUsingTestNG.OrangeHRMTestNG" tests="4" failures="0" timestamp="3 Jun 2020 19:43:08 GMT" time="29.907" errors="0">
  <testcase name="login" time="11.408" classname="orangeHRMUsingTestNG.OrangeHRMTestNG"/>
  <testcase name="login" time="5.054" classname="orangeHRMUsingTestNG.OrangeHRMTestNG"/>
  <testcase name="login" time="7.926" classname="orangeHRMUsingTestNG.OrangeHRMTestNG"/>
  <testcase name="login" time="5.519" classname="orangeHRMUsingTestNG.OrangeHRMTestNG"/>
</testsuite> <!-- orangeHRMUsingTestNG.OrangeHRMTestNG -->
